<?xml version="1.0" encoding="UTF-8"?>
<!-- Generated by org.testng.reporters.JUnitReportReporter -->
<testsuite hostname="DESKTOP-0DPRSEC" failures="0" tests="1" name="com.inetbanking.testCases.TC_LoginTest_001" time="5.096" errors="0" timestamp="30 Jul 2023 14:29:31 GMT">
  <testcase classname="com.inetbanking.testCases.TC_LoginTest_001" name="loginTest" time="5.096"/>
</testsuite> <!-- com.inetbanking.testCases.TC_LoginTest_001 -->
